<?xml version="1.0" encoding="UTF-8"?>
<testsuite xmlns:xsi="http://www.w3.org/2001/XMLSchema-instance" xsi:noNamespaceSchemaLocation="https://maven.apache.org/surefire/maven-surefire-plugin/xsd/surefire-test-report-3.0.xsd" version="3.0" name="com.portal.employeeportal.service.AuthenticationServiceTest" time="0.854" tests="6" errors="0" skipped="0" failures="0">
  <properties>
[...]
</properties>
  <testcase name="requestPasswordReset_UserNotFound" classname="com.portal.employeeportal.service.AuthenticationServiceTest" time="0.724"/>
  <testcase name="requestPasswordReset_Success" classname="com.portal.employeeportal.service.AuthenticationServiceTest" time="0.019"/>
  <testcase name="register_EmployeeIdExists" classname="com.portal.employeeportal.service.AuthenticationServiceTest" time="0.017"/>
  <testcase name="register_EmailExists" classname="com.portal.employeeportal.service.AuthenticationServiceTest" time="0.01"/>
  <testcase name="register_Success" classname="com.portal.employeeportal.service.AuthenticationServiceTest" time="0.017"/>
  <testcase name="authenticate_Success" classname="com.portal.employeeportal.service.AuthenticationServiceTest" time="0.028"/>
</testsuite>